This is pdfTeX, Version 3.1415926-2.5-1.40.14 (MiKTeX 2.9 64-bit) (preloaded format=latex 2015.8.5)  8 MAY 2017 09:48
entering extended mode
**acmart.ins
("C:\Users\willrich\Dropbox\Mestrado\SRO\Artigo WebMedia2017\acmart.ins"
LaTeX2e <2011/06/27>
Babel <v3.8m> and hyphenation patterns for english, afrikaans, ancientgreek, ar
abic, armenian, assamese, basque, bengali, bokmal, bulgarian, catalan, coptic, 
croatian, czech, danish, dutch, esperanto, estonian, farsi, finnish, french, ga
lician, german, german-x-2013-05-26, greek, gujarati, hindi, hungarian, iceland
ic, indonesian, interlingua, irish, italian, kannada, kurmanji, latin, latvian,
 lithuanian, malayalam, marathi, mongolian, mongolianlmc, monogreek, ngerman, n
german-x-2013-05-26, nynorsk, oriya, panjabi, pinyin, polish, portuguese, roman
ian, russian, sanskrit, serbian, slovak, slovenian, spanish, swedish, swissgerm
an, tamil, telugu, turkish, turkmen, ukenglish, ukrainian, uppersorbian, usengl
ishmax, welsh, loaded.
("C:\Program Files\MiKTeX 2.9\tex\latex\base\docstrip.tex"
\blockLevel=\count79
\emptyLines=\count80
\processedLines=\count81
\commentsRemoved=\count82
\commentsPassed=\count83
\codeLinesPassed=\count84
\TotalprocessedLines=\count85
\TotalcommentsRemoved=\count86
\TotalcommentsPassed=\count87
\TotalcodeLinesPassed=\count88
\NumberOfFiles=\count89
\inFile=\read1
\inputcheck=\read2
\off@0=\count90
\off@1=\count91
\off@2=\count92
\off@3=\count93
\off@4=\count94
\off@5=\count95
\off@6=\count96
\off@7=\count97
\off@8=\count98
\off@9=\count99
\off@10=\count100
\off@11=\count101
\off@12=\count102
\off@13=\count103
\off@14=\count104
\off@15=\count105
\@maxfiles=\count106
\@maxoutfiles=\count107

Utility: `docstrip' 2.5d <2005/07/29>
English documentation    <1999/03/31>

**********************************************************
* This program converts documented macro-files into fast *
* loadable files by stripping off (nearly) all comments! *
**********************************************************

********************************************************
* No Configuration file found, using default settings. *
********************************************************

("C:\Users\willrich\Dropbox\Mestrado\SRO\Artigo WebMedia2017\acmart.ins"

Generating file(s) ./acmart.cls 

Processing file acmart.dtx (class) -> acmart.cls
% % % % % % % % % % % % % % % % % % % % % % % % % % % % % % % % % % % % % % %
% % % % % % % % % % % % % % % % % % % % % % % % % % % % % % % % % % % % % % %
% % % % % % % % % % % % % % % % % % % % % % % % % % % % % % % % % % % % % % %
% % % % % % % % % % % % % % % % % % % % % % % % % % % % % % % % % % % % % % %
% % % % % % % % % % % % % % % % % % % % % % % % % % % % % % % % % % % % % % %
% % % % % % % % % % % % % % % % % % % % % % % % % % % % % % % % % % % % % % %
% % % % % % % % % % % % % % % % % % % % % % % % % % % % % % % % % % % % % % %
% % % % % % % % % % % % % % % % % % % % % % % % % % % % % % % % % % % % % % %
% % % % % % % % % % % % % % % % % % % % % % % % % % % % % % % % % % % % % % %
% % % % % % % % % % % % % % % % % % % % % % % % % % % % % % % % % % % % % % %
% % % % % % % % % % % % % % % % % % % % % % % % % % % % % % % % % % % % % % %
% % % % % % % % % % % % % % % % % % % % % % % % % % % % % % % % % % % % % % %
% % % % % % % % % % % % % % % % % % % % % % % % % % % % % % % % % % % % % % %
% % % % % % % % % % % % % % % % % % % % % % % % % % % % % % % % % % % % % % %
% % % % % % % % % % % % % % % % % % % % % % % % % % % % % % % % % % % % % % %
% % % % % % % % % % % % % % % % % % % % % % % % % % % % % % % % % % % % % % %
% % % % % % % % % % % % % % % % % % % % % % % % % % % % % % % % % % % % % % %
% % % % % % % % % % % % % % % % % % % % % % % % % % % % % % % % % % % % % % %
% % % % % % % % % % % % % % % % % % % % % % % % % % % % % % % % % % % % % % %
% % % % % % % % % % % % % % % % % % % % % % % % % % % % % % % % % % % % % % %
% % % % % % % % % % % % % % % % % % % % % % % % % % % % % % % % % % % % % % %
% % % % % % % % % % % % % % % % % % % % % % % % % % % % % % % % % % % % % % %
% % % % % % % % % % % % % % % % % % % % % % % % % % % % % % % % % % % % % % %
% % % % % % % % % % % % % % % % % % % % % % % % % % % % % % % % % % % % % % %
% % % % % % % % % % % % % % % % % % % % % % % % % % % % % % % % % % % % % % %
% % % % % % % % % % % % % % % % % % % % % % % % % % % % % % % % % % % % % % %
% % % % % % % % % % % % % % % % % % % % % % % % % % % % % % % % % % % % % % %
% % % % % % % % % % % % % % % % % % % % % % % % % % % % % % % % % % % % % % %
% % % % % % % % % % % % % % % % % % % % % % % % % % % % % % % % % % % % % % %
% % % % % % % % % % % % % % % % % % % % % % % % % % % % % % % % % % % % % % %
% % % % % % % % % % % % % % % % % % % % % % % % % % % % % % % % % % % % % % %
% % % % % % % % % % % % % % % % % % % % % % % % % % % % % % % % % % % % % % %
% % % % % % % % % % % % % % % % % % % % % % % % % % % % % % % % % % % % % % %
% % % % % % % % % % % % % % % % % % % % % % % % % % % % % % % % % % % % % % %
% % % % % % % % % % % % % % % % % % % % % % % % % % % % % % % % % % % % % % %
% % % % % % % % % % % % % % % % % % % % % % % % % % % % % % % % % % % % % % %
% % % % % % % % % % % % % % % % % % % % % % % % % % % % % % % % % % % % % % %
% % % % % % % % % % % % % % % % % % % % % % % % % % % % % % % % % % % % % % %
% % % % % % % % % <class . > <*gobble . > <class . > . . % % % % % % % % % % %
% % % % % % % % % % % % % % % % % % % % % % % % % % % % % % % % % % % % % % %
% % % % % <*gobble . . . . . . . . . . . . . . > <*class . % % % % % % % % % .
. . . % % % % % % % . % % % % % % % . . . . . . . . . . . . . . . . . % % % %
% % % . . . . . . . . % % % % % % % % . . . . . . . . % % % % % % % % . . . .
. . . . % % % % % % % % % % % % % . . . . . . . . % % % % % % % % . . . . . .
. . % % % % % % % % % . . . . . . . . % % % % % % % % % . . . . . . . . . . %
% % % % % % % . . . . . % % % % % % % % % . . . . % % % % % % % % % % . % % %
% % % % . % % % % % % % % . % % % % % % % . . . . . . . . . . . . . . . . . .
. . . . . . . . . . . . . . % % % % % % % % % % % % . . . . . . . . . . . . .
. . . . . . . . . . . . % % % % % . % % % % % . % % % % . . . . % % % % % % %
% % . . . . . . . . . . . . . . . . . . . . . . . . . . . . . . . . . . . . .
. . . . . . . . . . . . . . . . . . . . . . . . . . . . . . . . . . . . . . .
. . . . % % % % % % % % % . . . . . . % % % % % % % % % % . . . . . % % % % %
% % . . . % % % % % % % % % . . . . . . . . . . . . . . . . . . . . . . . . .
. . . . . . . . . . . . . . . . . . . . . . . . . . . . . . . . . . . . . . .
. . . . . . . . . . . . . . . . . . . . . . . . . . . . % % % % % % % % % . .
. . . . . . . . . . . % % % % % % % % . % % % % % % % . % % % % % % % . . . .
. . . . . . . . . . . . . . . . . . . . . . . . . . . . % % % % % % . . . . .
. . . . . . . . . . . . . . % % % % % % % % . . . . . . . % % % % % % % . % %
% % . . . . . . . . % % % % % . . . . . . . . % % % % % % % % % % % % % . . .
. . . . . . . . . . . . . . . . . . . . . . . . . . . . . . . . . . . . . . .
. . . . . . . . . . . . . . . . . . . . . . % % % % % % % . . . . . . . . . .
. . . . % % % % % % % % % % % % % % % % % % . . % % % % . . . % % % % % % % .
. % % % % % % % . . . . . . . . . . . . % % % % % % % . % % % % % % % . . . .
. . . . . . . . % % % % % % % % . . . . . . . . . . . . % % % % % % % % % . %
% % % % % % % % % . . % % % % % % % % % % % % % . . . . . . % % % % % % % . .
. . . . . . . . % % % % % % % % % % . . . . . . % % % % . . . % % % % % % % %
. . . . . . . . . . . . . . . . . . . . . . . . . . . . % % % % % . . . % % %
% % % % . . % % % % % % % . % % % % % % % % . . % % % % % % % . % % % % % % %
% . . % % % % % % % % % % . . % % % % % % % % % . . . . . . % % % % % % % . .
. . % % % % % % % % . . . . . . . . . . % % % % % % % % % . . . . . . . . . .
. . . . . % % % % % % % . % % % % % % % % % % . . . . . . . % % % % % % % % %
% % % % % % % . . . . . . . . . . . . . . . . . . . . . . . . . . . . . . . .
. . . . . . . . . . . . . . . . . . . . . . . . . . . . . . . . . . . . . . .
. . . . . . . . . . . . . . . . . . . . . . . . . . . . . . . . . . . . . . .
. . . . . . . . . . . . . . . . . . . . . . . . . . . . . . . . . . . . . . .
. . . . . . . . . . . . . . . . . . . . . . . . . . . . . . . . . . . . . . .
. . . . . . . . . . . . . . . . . . . . . . . . . . . . . . . . . . . . . . .
. . . . . . . . . . . . . . . . . . . . . . . . % % % % . % % % % % % . . . .
. % % % % % % . . . . . . . . . . % % % % % % % . . % % % % % % % % % % . . %
% % % % % % . . % % % % % % . . . . . . . . . . . . . . . . . . . . . . . . .
. . . . . . . . . . . . . . % % % % % % % % % % % . . . . . % % % % % % % % %
. . % % % % % % % % % % . % % % % % % % % . . . . . . . . . . . % % % % % % %
% . . . . % % % % % % % . % % % % % . % % % % % % % . . . . . . . . % % % % %
% % . % % % % % % % . . . . . . . . . % % % % % % % . % % % % % % % % . . . .
. . % % % % % % % % . . % % % % % % % % . . % % % % % % % % . . % % % % % % %
% . . % % % % % % % % % % . . % % % % % % % % % % . . % % % % % % % % . . . .
% % % % % % % . . % % % % % % % % % . . % % % % % % % % % . . % % % % % % % %
. . % % % % % % % % % . . % % % % % % % % . . % % % % % % % % % . % % % % % %
% % % . . % % % % % % % % . . . . . % % % % % % % % . . . . . % % % % % % % %
. . % % % % % % % % % . . % % % % % % % % . . % % % % % % % % % . % % % % % %
% . . % % % % % % % . % % % % % % % % . . . . . . % % % % % % % . . . . . . %
% % % % % % % . . . . . . % % % % % % . % % % % % % % % % . . . . . . . . . .
% % % % % . % % % % % % % . . . . . . . . . . . . . . . . . . % % % % % % % %
% . . % % % % % . % % % % % % % % . . % % % % % % % % % % % % . . . . . . . .
. % % % % % % % % % % % % % . . % % % % % % % . . % % % % % % % . . % % % % %
% % % % . . . . . . . . . . . . . . . . . . . . . . . . . . . . . . . . . . .
. . . . . % % % % % . . % % % % % % % % . . . . . . . . . . . . . . . . . . .
. . . . . . . . . % % % % % % % % % . % % % % % % % . . . . . . . . . . . . .
. . . . . . . . . . . . . . . . . . . . . . . . . . . . . . . . . . . . . . .
. . . . . . . . . . . . . . . . . . . . . . . . . . . . . . . . . . . . . . .
. . . . . . . . . . . . . % % % % % % % % % % % . . % % % % % % % . % % % % %
% % . % % % % % % % . % % % % % % % . . . . . . . % % % % % % % % % % % % % .
% % % % % % % % % % % % % % % % % % % % % % % % % % % % . . . . . . . . . . .
. . . . . . . . . . . . . . . . . . . . . . . . . . . . . . . . . . . . . . .
. . . . . . . . . . . . . . . . . . . . . . . . . . . . . . . . . . . . . . .
. . . . . . . . . . . . . . . . . . . % % % % % % % . . . . . . . . . . . . .
. . . . . . . . % % % % % % % % % % % . . . . . . . . . . . . . . . . . . . .
. . . . . . . . . . . . . . . . . . . . . . . . % % % % % % % . . . . . . . .
. . . . . . . . . . . . . . % % % % % % % % . . . . . . . . . . . . . . . . .
. . . . % % % % % % % % % . . . . . . . . . . . . . . . . . . . . . % % % % %
% % % % . . . . . . . . . . . . . . . . . . . . . . . . . . . . % % % % % % %
% % % % % % % % % % % . . . . . . . . . . . . . . . . . . . . . . . . . . . .
% % % % % % % % % . . . . . . . . % % % % % % % % % % % % % % % . . . . . . .
. % % % % % % % % % % % % % % % % % % % % % % % % % % % % % % % % % % % % . .
. . . . . . . . . . . . . . . . . . % % % % % % % % % % % % % % % % . . . . .
. . . . . . . . . . . . . . . . . . . % % % % % % % % . % % % % % % % . % % %
% % % . . . . . . . . . . . . . . . . . . . . . . . . . % % % % % % % . . . .
. . . . % % % % % % % % % % % . . . . . . . . . . . . . . . . . . . . . . . .
. . . . . . % % % % % % % % % % % % % . % % % % % % % . % % % % % % % . . % %
% % % % % % % . . . . . . . % % % % % % % % % % % . % % % % % % % . . . . . .
. . . . . . . . . % % % . . . . . . . . . . . . . . . . . . . . . . . . % % %
. . . . . % % % % % % % % % % . % % % % % % % . . . . . . . . . % % % . . . .
. . . . . . . . . . . . . . . . . . . % % % % . . . . % % % % % % % . % % % %
% % % . . . . . . . % % % % % % % . % % % % % % % % % % % . . . . . . . . . .
% % % % % % % % % % % . . . . . . . . . . . . . . . . . . . . . % % % % % % %
. . . . . . . . . . . . . . . . . . . . . % % % % % % % . % % % % % % % % % %
% . % % % % % % . . . . . . . . . . . . . % % % % % % % % % . . . . . . . % %
% % % % % % % . . . . . . . % % % % % % % % % % . . . . . . . . . . . . . . .
. . % % % % % % % % . % % % % % % % % . . . . . . . . . . . . . . . . . . . .
. % % % % % % % % % % % % % % % % % . . . . . . . . . . . . . . . . . . . . .
. . . . . . . . . . . . . . . . . . . . . . . . . . . . . . . % % % % % % % %
% % . . . . . . . . . . . . . . . . . . . . % % % % % % % % % % . % % % . . .
. % % % . . . . . . . . . . . . . . % % % % % % % % % % . . . . . . . . . . .
. . . . . . . . . . . . . . . . . . . . . . . . . . . . . . . . . . % % % % %
% % % % % % . . . . . . . . . . . . . . . . . . . . % % % % % % % . . . . % %
% % % % % % % % % % . . . . . . . . . . . . . . . . . . . . . . . . . . . . .
. . . . . . . . . . . . . . . . . . % % % % % % % % % % . % % % % % % % . % %
% % % % % % % % % % % % . % % % % % % % % % % % % . % % % % % % % . % % % % %
% % . % % % % % % % . % % % % % % . . . . . . . . . . . . . . . % % % % % . .
. . . . . . . . . % % % % % % % % . % % % % % % % . % % % % % % % . % % % % %
% % . % % % % % % . . . . . . . . . . . . . . . % % % % % . . . . . . . . . .
. % % % % % % . . . . . . . . . . % % % % % % . % % % % % % % . % % % % % % .
. . . . . . . . . . . . % % % % % . . . . . . . . . % % % % % % % % % % % % %
% % . . . . . . . % % % % % % % % % . % % % % % % % % . . % % % % % % % % % .
. . . . . . . . . . . . % % % % % % % % % % % % % . . . . . . . % % % % % % %
% % % % . > % % % % % % % % %
File acmart.dtx ended by \endinput.
Lines  processed: 5667
Comments removed: 3317
Comments  passed: 15
Codelines passed: 2327

*****************************************************
* Congratulations!  You successfully  generated the *
* acmart package.                                   *
*                                                   *
* Please move the file acmart.cls to where LaTeX    *
* files are stored in  your system.  The manual is  *
* acmart.pdf.                                       *
*                                                   *
* The package is released under LPPL                *
*                                                   *
* Happy TeXing!                                     *
*****************************************************
) ) ) 
Here is how much of TeX's memory you used:
 314 strings out of 493922
 3390 string characters out of 3147297
 52809 words of memory out of 3000000
 3699 multiletter control sequences out of 15000+200000
 3640 words of font info for 14 fonts, out of 3000000 for 9000
 841 hyphenation exceptions out of 8191
 15i,0n,15p,200b,118s stack positions out of 5000i,500n,10000p,200000b,50000s

No pages of output.
